<?xml version="1.0" encoding="UTF-8"?>
<!-- Generated by org.testng.reporters.JUnitReportReporter -->
<testsuite skipped="0" hostname="DESKTOP-ID9MJDP" name="com.wbl.automation.HtmlUnitDriverExample" tests="1" failures="0" timestamp="27 Oct 2016 17:52:37 GMT" time="2.131" errors="0">
  <testcase name="test" time="2.131" classname="com.wbl.automation.HtmlUnitDriverExample"/>
</testsuite> <!-- com.wbl.automation.HtmlUnitDriverExample -->
