<?xml version="1.0" encoding="UTF-8"?>
<!-- Generated by org.testng.reporters.JUnitReportReporter -->
<testsuite skipped="0" hostname="DESKTOP-ID9MJDP" name="com.wbl.automation.ChromeTest" tests="1" failures="0" timestamp="27 Oct 2016 18:24:52 GMT" time="10.040" errors="0">
  <testcase name="test" time="10.040" classname="com.wbl.automation.ChromeTest"/>
</testsuite> <!-- com.wbl.automation.ChromeTest -->
