<?xml version="1.0" encoding="UTF-8"?>
<!-- Generated by org.testng.reporters.JUnitReportReporter -->
<testsuite skipped="0" hostname="DESKTOP-ID9MJDP" name="com.wbl.automation.FirefoxTest" tests="1" failures="0" timestamp="27 Oct 2016 18:24:52 GMT" time="15.111" errors="0">
  <testcase name="test" time="15.111" classname="com.wbl.automation.FirefoxTest"/>
</testsuite> <!-- com.wbl.automation.FirefoxTest -->
