<?xml version="1.0" encoding="UTF-8"?>
<!-- Generated by org.testng.reporters.JUnitReportReporter -->
<testsuite skipped="0" hostname="DESKTOP-ID9MJDP" name="com.wbl.automation.FileUpload" tests="1" failures="0" timestamp="27 Oct 2016 17:38:11 GMT" time="9.225" errors="0">
  <testcase name="fileUploadWithRobot" time="9.225" classname="com.wbl.automation.FileUpload"/>
</testsuite> <!-- com.wbl.automation.FileUpload -->
