<?xml version="1.0" encoding="UTF-8"?>
<!-- Generated by org.testng.reporters.JUnitReportReporter -->
<testsuite skipped="0" hostname="DESKTOP-ID9MJDP" name="com.wbl.automation.NavigationAndSelectRadioExample" tests="1" failures="0" timestamp="20 Oct 2016 18:48:07 GMT" time="12.427" errors="0">
  <testcase name="selectAndRadioExample" time="12.427" classname="com.wbl.automation.NavigationAndSelectRadioExample"/>
</testsuite> <!-- com.wbl.automation.NavigationAndSelectRadioExample -->
