<?xml version="1.0" encoding="UTF-8"?>
<!-- Generated by org.testng.reporters.JUnitReportReporter -->
<testsuite skipped="0" hostname="DESKTOP-ID9MJDP" name="com.wbl.automation.WebElementMethods" tests="1" failures="0" timestamp="20 Oct 2016 19:19:04 GMT" time="8.435" errors="0">
  <testcase name="webElementMethods" time="8.435" classname="com.wbl.automation.WebElementMethods"/>
</testsuite> <!-- com.wbl.automation.WebElementMethods -->
