<?xml version="1.0" encoding="UTF-8"?>
<!-- Generated by org.testng.reporters.JUnitReportReporter -->
<testsuite skipped="0" hostname="DESKTOP-ID9MJDP" name="com.wbl.automation.ActionsExample" tests="1" failures="0" timestamp="25 Oct 2016 18:42:14 GMT" time="39.336" errors="0">
  <testcase name="mouseActions" time="39.336" classname="com.wbl.automation.ActionsExample"/>
</testsuite> <!-- com.wbl.automation.ActionsExample -->
