<?xml version="1.0" encoding="UTF-8"?>
<!-- Generated by org.testng.reporters.JUnitReportReporter -->
<testsuite skipped="0" hostname="DESKTOP-ID9MJDP" name="com.wbl.automation.NavigationExample" tests="1" failures="0" timestamp="20 Oct 2016 18:44:47 GMT" time="26.683" errors="0">
  <testcase name="selectAndRadioExample" time="26.683" classname="com.wbl.automation.NavigationExample"/>
</testsuite> <!-- com.wbl.automation.NavigationExample -->
