<?xml version="1.0" encoding="UTF-8"?>
<!-- Generated by org.testng.reporters.JUnitReportReporter -->
<testsuite skipped="0" hostname="DESKTOP-ID9MJDP" name="com.wbl.automation.CookiesAndFileUpload" tests="1" failures="0" timestamp="25 Oct 2016 18:22:34 GMT" time="2.764" errors="0">
  <testcase name="test" time="2.764" classname="com.wbl.automation.CookiesAndFileUpload"/>
</testsuite> <!-- com.wbl.automation.CookiesAndFileUpload -->
