<?xml version="1.0" encoding="UTF-8"?>
<!-- Generated by org.testng.reporters.JUnitReportReporter -->
<testsuite skipped="0" hostname="DESKTOP-ID9MJDP" name="com.wbl.automation.Alerts_iframe_Example" tests="1" failures="0" timestamp="27 Oct 2016 18:04:37 GMT" time="24.216" errors="0">
  <testcase name="switchToIframe" time="24.216" classname="com.wbl.automation.Alerts_iframe_Example"/>
</testsuite> <!-- com.wbl.automation.Alerts_iframe_Example -->
