<?xml version="1.0" encoding="UTF-8"?>
<!-- Generated by org.testng.reporters.JUnitReportReporter -->
<testsuite skipped="0" hostname="DESKTOP-ID9MJDP" name="com.wbl.automation.AlertExample" tests="1" failures="0" timestamp="25 Oct 2016 17:39:28 GMT" time="5.686" errors="0">
  <testcase name="alertWIndows" time="5.686" classname="com.wbl.automation.AlertExample"/>
</testsuite> <!-- com.wbl.automation.AlertExample -->
