<?xml version="1.0" encoding="UTF-8"?>
<!-- Generated by org.testng.reporters.JUnitReportReporter -->
<testsuite skipped="0" hostname="DESKTOP-ID9MJDP" name="com.wbl.automation.ParallelTest" tests="2" failures="0" timestamp="27 Oct 2016 18:34:27 GMT" time="23.792" errors="0">
  <testcase name="test" time="14.150" classname="com.wbl.automation.ParallelTest"/>
  <testcase name="test" time="9.642" classname="com.wbl.automation.ParallelTest"/>
</testsuite> <!-- com.wbl.automation.ParallelTest -->
